<?xml version="1.0" encoding="UTF-8"?>
<!-- Generated by org.testng.reporters.JUnitXMLReporter -->
<testsuite hostname="tm-6" ignored="0" name="Test" tests="1" failures="1" timestamp="13 Jun 2018 04:44:24 GMT" time="31.62" errors="0">
  <testcase name="verify_all_fields" time="29.893" classname="com.TestCases.TC_02_Verify_all_fields_Frogotpwd_page">
    <failure type="java.lang.NullPointerException">
      <![CDATA[java.lang.NullPointerExceptionat com.ScreenFunctions.Forgotpwd_page.<init>(Forgotpwd_page.java:44)at java.lang.Class.newInstance(Class.java:442)at org.openqa.selenium.support.PageFactory.instantiatePage(PageFactory.java:131)at org.openqa.selenium.support.PageFactory.initElements(PageFactory.java:64)at com.TestCases.TC_02_Verify_all_fields_Frogotpwd_page.verify_all_fields(TC_02_Verify_all_fields_Frogotpwd_page.java:45)... Removed 29 stack frames]]>
    </failure>
  </testcase> <!-- verify_all_fields -->
</testsuite> <!-- Test -->
