<?xml version="1.0" encoding="UTF-8"?>
<testng-results skipped="0" failed="1" ignored="0" total="1" passed="0">
  <reporter-output>
  </reporter-output>
  <suite name="Suite" duration-ms="31620" started-at="2018-06-13T04:43:53Z" finished-at="2018-06-13T04:44:24Z">
    <groups>
    </groups>
    <test name="Test" duration-ms="31620" started-at="2018-06-13T04:43:53Z" finished-at="2018-06-13T04:44:24Z">
      <class name="com.TestCases.TC_02_Verify_all_fields_Frogotpwd_page">
        <test-method status="FAIL" signature="verify_all_fields()[pri:0, instance:com.TestCases.TC_02_Verify_all_fields_Frogotpwd_page@1d0c991]" name="verify_all_fields" duration-ms="29893" started-at="2018-06-13T10:13:55Z" finished-at="2018-06-13T10:14:24Z">
          <exception class="java.lang.NullPointerException">
            <full-stacktrace>
              <![CDATA[java.lang.NullPointerExceptionat com.ScreenFunctions.Forgotpwd_page.<init>(Forgotpwd_page.java:44)at sun.reflect.NativeConstructorAccessorImpl.newInstance0(Native Method)at sun.reflect.NativeConstructorAccessorImpl.newInstance(NativeConstructorAccessorImpl.java:62)at sun.reflect.DelegatingConstructorAccessorImpl.newInstance(DelegatingConstructorAccessorImpl.java:45)at java.lang.reflect.Constructor.newInstance(Constructor.java:423)at java.lang.Class.newInstance(Class.java:442)at org.openqa.selenium.support.PageFactory.instantiatePage(PageFactory.java:131)at org.openqa.selenium.support.PageFactory.initElements(PageFactory.java:64)at com.TestCases.TC_02_Verify_all_fields_Frogotpwd_page.verify_all_fields(TC_02_Verify_all_fields_Frogotpwd_page.java:45)at sun.reflect.NativeMethodAccessorImpl.invoke0(Native Method)at sun.reflect.NativeMethodAccessorImpl.invoke(NativeMethodAccessorImpl.java:62)at sun.reflect.DelegatingMethodAccessorImpl.invoke(DelegatingMethodAccessorImpl.java:43)at java.lang.reflect.Method.invoke(Method.java:498)at org.testng.internal.MethodInvocationHelper.invokeMethod(MethodInvocationHelper.java:124)at org.testng.internal.Invoker.invokeMethod(Invoker.java:571)at org.testng.internal.Invoker.invokeTestMethod(Invoker.java:707)at org.testng.internal.Invoker.invokeTestMethods(Invoker.java:979)at org.testng.internal.TestMethodWorker.invokeTestMethods(TestMethodWorker.java:125)at org.testng.internal.TestMethodWorker.run(TestMethodWorker.java:109)at org.testng.TestRunner.privateRun(TestRunner.java:648)at org.testng.TestRunner.run(TestRunner.java:505)at org.testng.SuiteRunner.runTest(SuiteRunner.java:455)at org.testng.SuiteRunner.runSequentially(SuiteRunner.java:450)at org.testng.SuiteRunner.privateRun(SuiteRunner.java:415)at org.testng.SuiteRunner.run(SuiteRunner.java:364)at org.testng.SuiteRunnerWorker.runSuite(SuiteRunnerWorker.java:52)at org.testng.SuiteRunnerWorker.run(SuiteRunnerWorker.java:84)at org.testng.TestNG.runSuitesSequentially(TestNG.java:1187)at org.testng.TestNG.runSuitesLocally(TestNG.java:1116)at org.testng.TestNG.runSuites(TestNG.java:1028)at org.testng.TestNG.run(TestNG.java:996)at org.testng.remote.AbstractRemoteTestNG.run(AbstractRemoteTestNG.java:114)at org.testng.remote.RemoteTestNG.initAndRun(RemoteTestNG.java:251)at org.testng.remote.RemoteTestNG.main(RemoteTestNG.java:77)]]>
            </full-stacktrace>
          </exception> <!-- java.lang.NullPointerException -->
          <reporter-output>
          </reporter-output>
        </test-method> <!-- verify_all_fields -->
      </class> <!-- com.TestCases.TC_02_Verify_all_fields_Frogotpwd_page -->
    </test> <!-- Test -->
  </suite> <!-- Suite -->
</testng-results>
